{"level": "info", "message": "Test!", "timestamp": "2020-01-10"}
not starting as jsonline{"level": "info", "message": "All is well!", "timestamp": "2020-01-11"}
{"level": "error", "message": "All is NOT well!", "timestamp": "2020-01-12"}
not a jsonline 1
not a jsonline 2
{"level": "error", "message": "All is NOT well!", "timestamp": "2020-01-13"}
{"level": "error", "message": "All is NOT well!", "timestamp": "2020-01-14"}
{"level": "error", "message": "All is NOT well!", "timestamp": "2020-01-15"}
{"level": "error", "message": "All is NOT well!", "timestamp": "2020-01-16"}
{"level": "error", "message": "All is NOT well!", "timestamp": "2020-01-17"}
{"level": "error", "message": "All is NOT well!", "timestamp": "2020-01-18"}
{"level": "error", "message": "All is NOT well!", "timestamp": "2020-01-19"}
{"level": "error", "message": "All is NOT well!", "timestamp": "2020-01-20"}
{"level": "error", "message": "All is NOT well!", "timestamp": "2020-01-21"}
{"level": "error", "message": "All is NOT well!", "timestamp": "2020-01-22"}
{"level": "error", "message": "All is NOT well!", "timestamp": "2020-01-23"}
{"level": "error", "message": "All is NOT well!", "timestamp": "2020-01-24"}
{"level": "error", "message": "All is NOT well!", "timestamp": "2020-01-25"}
{"level": "error", "message": "All is NOT well!", "timestamp": "2020-01-26"}
{"level": "error", "message": "All is NOT well!", "timestamp": "2020-01-27"}
{"level": "error", "message": "All is NOT well!", "timestamp": "2020-01-28"}
{"level": "error", "message": "All is NOT well!", "timestamp": "2020-01-29"}
{"level": "error", "message": "All is NOT well!", "timestamp": "2020-01-30"}
{"level": "error", "message": "All is NOT well!", "timestamp": "2020-01-31"}
{"level": "info", "message": "All is DEFINITELY well!", "timestamp": "2020-01-13"}
{"level": "info", "message": "All is DEFINITELY well!", "timestamp": "2020-01-14"}
{"level": "info", "message": "All is DEFINITELY well!", "timestamp": "2020-01-15"}
{"level": "info", "message": "All is DEFINITELY well!", "timestamp": "2020-01-16"}
{"level": "info", "message": "All is DEFINITELY well!", "timestamp": "2020-01-17"}
{"level": "info", "message": "All is DEFINITELY well!", "timestamp": "2020-01-18"}
